Traceback (most recent call last):
  File "C:\Users\janko\AppData\Local\Programs\Python\Python312\Lib\site-packages\jupyter_core\utils\__init__.py", line 154, in wrapped
    asyncio.get_running_loop()
RuntimeError: no running event loop

During handling of the above exception, another exception occurred:

Traceback (most recent call last):
  File "C:\Users\janko\AppData\Local\Programs\Python\Python312\Lib\site-packages\jupyter_cache\executors\utils.py", line 58, in single_nb_execution
    executenb(
  File "C:\Users\janko\AppData\Local\Programs\Python\Python312\Lib\site-packages\nbclient\client.py", line 1319, in execute
    return NotebookClient(nb=nb, resources=resources, km=km, **kwargs).execute()
           ^^^^^^^^^^^^^^^^^^^^^^^^^^^^^^^^^^^^^^^^^^^^^^^^^^^^^^^^^^^^^^^^^^^^^
  File "C:\Users\janko\AppData\Local\Programs\Python\Python312\Lib\site-packages\jupyter_core\utils\__init__.py", line 158, in wrapped
    return loop.run_until_complete(inner)
           ^^^^^^^^^^^^^^^^^^^^^^^^^^^^^^
  File "C:\Users\janko\AppData\Local\Programs\Python\Python312\Lib\asyncio\base_events.py", line 687, in run_until_complete
    return future.result()
           ^^^^^^^^^^^^^^^
  File "C:\Users\janko\AppData\Local\Programs\Python\Python312\Lib\site-packages\nbclient\client.py", line 709, in async_execute
    await self.async_execute_cell(
  File "C:\Users\janko\AppData\Local\Programs\Python\Python312\Lib\site-packages\nbclient\client.py", line 1062, in async_execute_cell
    await self._check_raise_for_error(cell, cell_index, exec_reply)
  File "C:\Users\janko\AppData\Local\Programs\Python\Python312\Lib\site-packages\nbclient\client.py", line 918, in _check_raise_for_error
    raise CellExecutionError.from_cell_and_msg(cell, exec_reply_content)
nbclient.exceptions.CellExecutionError: An error occurred while executing the following cell:
------------------
ani_LU, LU = gauss_visualize(A, b, LU=True, savepath='../fig/gauss_eliminacija_lu.gif', fps=0.25, float_precision=3)
plt.show()
------------------


[31m---------------------------------------------------------------------------[39m
[31mTypeError[39m                                 Traceback (most recent call last)
[36mCell[39m[36m [39m[32mIn[4][39m[32m, line 1[39m
[32m----> [39m[32m1[39m ani_LU, LU = [43mgauss_visualize[49m[43m([49m[43mA[49m[43m,[49m[43m [49m[43mb[49m[43m,[49m[43m [49m[43mLU[49m[43m=[49m[38;5;28;43;01mTrue[39;49;00m[43m,[49m[43m [49m[43msavepath[49m[43m=[49m[33;43m'[39;49m[33;43m../fig/gauss_eliminacija_lu.gif[39;49m[33;43m'[39;49m[43m,[49m[43m [49m[43mfps[49m[43m=[49m[32;43m0.25[39;49m[43m,[49m[43m [49m[43mfloat_precision[49m[43m=[49m[32;43m3[39;49m[43m)[49m
[32m      2[39m plt.show()

[36mFile [39m[32mC:\_j\Work Janko\Pedagosko delo\_predavanja\Programiranje in numericne metode\pynm\notebooks\moduli\gauss_prikaz.py:80[39m, in [36mgauss_visualize[39m[34m(A, b, LU, cmap, float_precision, savepath, fps)[39m
[32m     77[39m [38;5;28;01melse[39;00m:
[32m     78[39m     mat_steps.append(mat_steps[-[32m1[39m])
[32m---> [39m[32m80[39m [38;5;28;01mreturn[39;00m [43mvisualize[49m[43m([49m[43mcolor_steps[49m[43m,[49m[43m [49m[43mmat_steps[49m[43m,[49m[43m [49m[43mcmap[49m[43m,[49m[43m [49m[43mfloat_precision[49m[43m,[49m[43m [49m[43msavepath[49m[43m,[49m[43m [49m[43mfps[49m[43m,[49m[43m [49m[43mLU[49m[43m)[49m, mat_steps[-[32m1[39m]

[36mFile [39m[32mC:\_j\Work Janko\Pedagosko delo\_predavanja\Programiranje in numericne metode\pynm\notebooks\moduli\gauss_prikaz.py:191[39m, in [36mvisualize[39m[34m(colors, values, cmap, f_precision, savepath, fps, LU)[39m
[32m    188[39m ani = animation.FuncAnimation(fig, animate, np.arange([32m1[39m, [38;5;28mlen[39m(colors)),
[32m    189[39m                         interval=[32m1000[39m/fps, blit=[38;5;28;01mTrue[39;00m)
[32m    190[39m [38;5;28;01mif[39;00m savepath:
[32m--> [39m[32m191[39m     writer = [43manimation[49m[43m.[49m[43mPillowWriter[49m[43m([49m[43mfps[49m[43m=[49m[43mfps[49m[43m,[49m[43m [49m[43mloop[49m[43m=[49m[32;43m0[39;49m[43m)[49m
[32m    192[39m     ani.save(savepath, writer)
[32m    194[39m [38;5;28;01mreturn[39;00m

[31mTypeError[39m: AbstractMovieWriter.__init__() got an unexpected keyword argument 'loop'

